07:53:11.605 [INFO] Log file initialized: ux0:data/VitaMA/vita_ma.log
07:53:12.309 [INFO] Vita Music Assistant 2.0.0 initializing...
07:53:12.311 [DEBUG] sceIoMkdir result: -0x7ffeffef
07:53:12.311 [INFO] Loading saved settings...
07:53:12.312 [DEBUG] loadSettings: Opening ux0:data/VitaMA/settings.json
07:53:12.315 [DEBUG] No settings file found (error: -0x7ffefffe)
07:53:12.316 [INFO] Settings load result: failed/not found
07:53:12.317 [INFO] Applied theme: Dark
07:53:12.317 [INFO] Debug logging enabled
07:53:12.318 [INFO] Application::run - isLoggedIn=false, serverUrl=(empty)
07:53:12.322 [INFO] No saved session, showing login screen
07:53:12.332 [DEBUG] LoginActivity created
07:53:12.342 [DEBUG] Adding an inputs block token (tokens=1)
07:53:12.449 [DEBUG] LoginActivity content available
07:53:12.492 [DEBUG] Giving focus to brls::Label (id="login/server_label")
07:53:12.497 [DEBUG] Hiding brls::Box
07:53:12.502 [DEBUG] push activity to the stack
07:53:12.509 [DEBUG] Showing brls::Box
07:53:12.742 [DEBUG] Removing an inputs block token (tokens=0)
07:53:13.362 [DEBUG] Adding an inputs block token (tokens=1)
07:53:13.374 [DEBUG] Adding an inputs block token (tokens=2)
07:53:13.385 [DEBUG] Pushing brls::Label (id="login/server_label") to the focus stack
07:53:13.395 [DEBUG] Giving focus to brls::PsvImeView
07:53:13.401 [DEBUG] push activity to the stack
07:53:13.406 [DEBUG] Removing an inputs block token (tokens=1)
07:53:22.840 [DEBUG] Adding an inputs block token (tokens=2)
07:53:22.849 [DEBUG] Hiding brls::Box
07:53:22.859 [DEBUG] Showing brls::Box
07:53:22.862 [DEBUG] Giving focus to brls::Label (id="login/server_label"), and removing it from the focus stack
07:53:22.874 [DEBUG] Giving focus to brls::Label (id="login/server_label")
07:53:22.885 [DEBUG] Hiding brls::PsvImeView
07:53:22.897 [DEBUG] Start delete top activity
07:53:22.902 [DEBUG] Top activity deleted
07:53:22.908 [DEBUG] Removing an inputs block token (tokens=1)
07:53:22.916 [DEBUG] Removing an inputs block token (tokens=0)
07:53:23.186 [DEBUG] Giving focus to brls::Label (id="login/username_label")
07:53:23.389 [DEBUG] Adding an inputs block token (tokens=1)
07:53:23.401 [DEBUG] Adding an inputs block token (tokens=2)
07:53:23.412 [DEBUG] Pushing brls::Label (id="login/username_label") to the focus stack
07:53:23.420 [DEBUG] Giving focus to brls::PsvImeView
07:53:23.426 [DEBUG] push activity to the stack
07:53:23.431 [DEBUG] Removing an inputs block token (tokens=1)
07:53:26.593 [DEBUG] Adding an inputs block token (tokens=2)
07:53:26.602 [DEBUG] Hiding brls::Box
07:53:26.613 [DEBUG] Showing brls::Box
07:53:26.624 [DEBUG] Giving focus to brls::Label (id="login/username_label"), and removing it from the focus stack
07:53:26.635 [DEBUG] Giving focus to brls::Label (id="login/username_label")
07:53:26.643 [DEBUG] Hiding brls::PsvImeView
07:53:26.652 [DEBUG] Start delete top activity
07:53:26.658 [DEBUG] Top activity deleted
07:53:26.666 [DEBUG] Removing an inputs block token (tokens=1)
07:53:26.676 [DEBUG] Removing an inputs block token (tokens=0)
07:53:26.687 [DEBUG] Giving focus to brls::Label (id="login/password_label")
07:53:27.292 [DEBUG] Adding an inputs block token (tokens=1)
07:53:27.305 [DEBUG] Adding an inputs block token (tokens=2)
07:53:27.312 [DEBUG] Pushing brls::Label (id="login/password_label") to the focus stack
07:53:27.317 [DEBUG] Giving focus to brls::PsvImeView
07:53:27.323 [DEBUG] push activity to the stack
07:53:27.332 [DEBUG] Removing an inputs block token (tokens=1)
07:53:33.417 [DEBUG] Adding an inputs block token (tokens=2)
07:53:33.428 [DEBUG] Hiding brls::Box
07:53:33.439 [DEBUG] Showing brls::Box
07:53:33.450 [DEBUG] Giving focus to brls::Label (id="login/password_label"), and removing it from the focus stack
07:53:33.458 [DEBUG] Giving focus to brls::Label (id="login/password_label")
07:53:33.463 [DEBUG] Hiding brls::PsvImeView
07:53:33.472 [DEBUG] Start delete top activity
07:53:33.481 [DEBUG] Top activity deleted
07:53:33.489 [DEBUG] Removing an inputs block token (tokens=1)
07:53:33.500 [DEBUG] Removing an inputs block token (tokens=0)
07:53:33.763 [DEBUG] Giving focus to brls::Button (id="login/login_button")
07:53:34.676 [DEBUG] Adding an inputs block token (tokens=1)
07:53:34.681 [DEBUG] Pushing brls::Button (id="login/login_button") to the focus stack
07:53:34.690 [DEBUG] Giving focus to brls::Button
07:53:34.695 [DEBUG] Hiding vita_ma::ProgressDialog
07:53:34.704 [DEBUG] push activity to the stack
07:53:34.713 [DEBUG] Showing vita_ma::ProgressDialog
07:53:34.724 [INFO] Login: POST Http://192.168.1.28:8095/auth/login
07:53:34.735 [DEBUG] HTTP POST Http://192.168.1.28:8095/auth/login
07:53:34.814 [DEBUG] Removing an inputs block token (tokens=0)
07:53:35.248 [DEBUG] HTTP response: 401 (59 bytes)
07:53:37.283 [DEBUG] Adding an inputs block token (tokens=1)
07:53:37.292 [DEBUG] Hiding brls::Box
07:53:37.301 [DEBUG] Showing brls::Box
07:53:37.313 [DEBUG] Giving focus to brls::Button (id="login/login_button"), and removing it from the focus stack
07:53:37.325 [DEBUG] Giving focus to brls::Button (id="login/login_button")
07:53:37.334 [DEBUG] Hiding vita_ma::ProgressDialog
07:53:37.500 [DEBUG] Start delete top activity
07:53:37.509 [DEBUG] Top activity deleted
07:53:37.518 [DEBUG] Removing an inputs block token (tokens=0)
07:53:37.604 [DEBUG] Adding an inputs block token (tokens=1)
07:53:37.616 [DEBUG] Pushing brls::Button (id="login/login_button") to the focus stack
07:53:37.627 [DEBUG] Giving focus to brls::Button
07:53:37.633 [DEBUG] Hiding vita_ma::ProgressDialog
07:53:37.642 [DEBUG] push activity to the stack
07:53:37.651 [DEBUG] Showing vita_ma::ProgressDialog
07:53:37.665 [INFO] Login: POST Http://192.168.1.28:8095/auth/login
07:53:37.677 [DEBUG] HTTP POST Http://192.168.1.28:8095/auth/login
07:53:37.717 [DEBUG] Removing an inputs block token (tokens=0)
07:53:37.793 [DEBUG] HTTP response: 401 (59 bytes)
07:53:38.351 [DEBUG] Adding an inputs block token (tokens=1)
07:53:38.360 [DEBUG] Hiding brls::Box
07:53:38.372 [DEBUG] Showing brls::Box
07:53:38.384 [DEBUG] Giving focus to brls::Button (id="login/login_button"), and removing it from the focus stack
07:53:38.393 [DEBUG] Giving focus to brls::Button (id="login/login_button")
07:53:38.399 [DEBUG] Hiding vita_ma::ProgressDialog
07:53:38.551 [DEBUG] Start delete top activity
07:53:38.560 [DEBUG] Top activity deleted
07:53:38.572 [DEBUG] Removing an inputs block token (tokens=0)
07:53:39.269 [DEBUG] Giving focus to brls::Label (id="login/password_label")
07:53:42.908 [DEBUG] Adding an inputs block token (tokens=1)
07:53:42.915 [DEBUG] Adding an inputs block token (tokens=2)
07:53:42.924 [DEBUG] Pushing brls::Label (id="login/password_label") to the focus stack
07:53:42.933 [DEBUG] Giving focus to brls::PsvImeView
07:53:42.945 [DEBUG] push activity to the stack
07:53:42.957 [DEBUG] Removing an inputs block token (tokens=1)
07:53:52.586 [DEBUG] Adding an inputs block token (tokens=2)
07:53:52.593 [DEBUG] Hiding brls::Box
07:53:52.602 [DEBUG] Showing brls::Box
07:53:52.611 [DEBUG] Giving focus to brls::Label (id="login/password_label"), and removing it from the focus stack
07:53:52.623 [DEBUG] Giving focus to brls::Label (id="login/password_label")
07:53:52.635 [DEBUG] Hiding brls::PsvImeView
07:53:52.648 [DEBUG] Start delete top activity
07:53:52.653 [DEBUG] Top activity deleted
07:53:52.663 [DEBUG] Removing an inputs block token (tokens=1)
07:53:52.672 [DEBUG] Removing an inputs block token (tokens=0)
07:53:52.849 [DEBUG] Giving focus to brls::Button (id="login/login_button")
07:53:53.211 [DEBUG] Adding an inputs block token (tokens=1)
07:53:53.217 [DEBUG] Pushing brls::Button (id="login/login_button") to the focus stack
07:53:53.226 [DEBUG] Giving focus to brls::Button
07:53:53.234 [DEBUG] Hiding vita_ma::ProgressDialog
07:53:53.243 [DEBUG] push activity to the stack
07:53:53.255 [DEBUG] Showing vita_ma::ProgressDialog
07:53:53.268 [INFO] Login: POST Http://192.168.1.28:8095/auth/login
07:53:53.275 [DEBUG] HTTP POST Http://192.168.1.28:8095/auth/login
07:53:53.349 [DEBUG] Removing an inputs block token (tokens=0)
07:53:53.374 [DEBUG] HTTP response: 200 (1057 bytes)
07:53:53.384 [INFO] Login: got token, connecting WebSocket...
07:53:53.395 [INFO] MA: connecting to ws://Http://192.168.1.28:8095/ws
07:53:53.407 [INFO] WS connecting to Http:0//192.168.1.28:8095/ws (ssl=false)
07:53:53.443 [ERROR] WS: DNS resolve failed for Http
07:53:53.449 [ERROR] Login: WebSocket connection failed
07:53:54.384 [DEBUG] Adding an inputs block token (tokens=1)
07:53:54.393 [DEBUG] Hiding brls::Box
07:53:54.405 [DEBUG] Showing brls::Box
07:53:54.417 [DEBUG] Giving focus to brls::Button (id="login/login_button"), and removing it from the focus stack
07:53:54.425 [DEBUG] Giving focus to brls::Button (id="login/login_button")
07:53:54.431 [DEBUG] Hiding vita_ma::ProgressDialog
07:53:54.600 [DEBUG] Start delete top activity
07:53:54.612 [DEBUG] Top activity deleted
07:53:54.623 [DEBUG] Removing an inputs block token (tokens=0)
07:53:55.129 [DEBUG] Adding an inputs block token (tokens=1)
07:53:55.137 [DEBUG] Pushing brls::Button (id="login/login_button") to the focus stack
07:53:55.148 [DEBUG] Giving focus to brls::Button
07:53:55.160 [DEBUG] Hiding vita_ma::ProgressDialog
07:53:55.172 [DEBUG] push activity to the stack
07:53:55.177 [DEBUG] Showing vita_ma::ProgressDialog
07:53:55.187 [INFO] Login: POST Http://192.168.1.28:8095/auth/login
07:53:55.196 [DEBUG] HTTP POST Http://192.168.1.28:8095/auth/login
07:53:55.268 [DEBUG] Removing an inputs block token (tokens=0)
07:53:55.390 [DEBUG] HTTP response: 200 (1057 bytes)
07:53:55.397 [INFO] Login: got token, connecting WebSocket...
07:53:55.406 [INFO] MA: connecting to ws://Http://192.168.1.28:8095/ws
07:53:55.415 [INFO] WS connecting to Http:0//192.168.1.28:8095/ws (ssl=false)
07:53:55.438 [ERROR] WS: DNS resolve failed for Http
07:53:55.443 [ERROR] Login: WebSocket connection failed
07:53:55.485 [DEBUG] Adding an inputs block token (tokens=1)
07:53:55.494 [DEBUG] Hiding brls::Box
07:53:55.504 [DEBUG] Showing brls::Box
07:53:55.516 [DEBUG] Giving focus to brls::Button (id="login/login_button"), and removing it from the focus stack
07:53:55.525 [DEBUG] Giving focus to brls::Button (id="login/login_button")
07:53:55.531 [DEBUG] Hiding vita_ma::ProgressDialog
07:53:55.702 [DEBUG] Start delete top activity
07:53:55.713 [DEBUG] Top activity deleted
07:53:55.725 [DEBUG] Removing an inputs block token (tokens=0)
07:53:56.770 [DEBUG] Giving focus to brls::Button (id="login/mode_button")
07:53:57.120 [DEBUG] Giving focus to brls::Button (id="login/login_button")
07:53:57.904 [DEBUG] Giving focus to brls::Button (id="login/mode_button")
07:54:02.358 [DEBUG] Giving focus to brls::Button (id="login/login_button")
07:54:02.770 [DEBUG] Adding an inputs block token (tokens=1)
07:54:02.776 [DEBUG] Pushing brls::Button (id="login/login_button") to the focus stack
07:54:02.787 [DEBUG] Giving focus to brls::Button
07:54:02.797 [DEBUG] Hiding vita_ma::ProgressDialog
07:54:02.809 [DEBUG] push activity to the stack
07:54:02.819 [DEBUG] Showing vita_ma::ProgressDialog
07:54:02.826 [INFO] Login: POST Http://192.168.1.28:8095/auth/login (HA provider)
07:54:02.835 [DEBUG] HTTP POST Http://192.168.1.28:8095/auth/login
07:54:02.870 [DEBUG] HTTP response: 401 (79 bytes)
07:54:02.909 [DEBUG] Removing an inputs block token (tokens=0)
07:54:04.160 [DEBUG] Adding an inputs block token (tokens=1)
07:54:04.166 [DEBUG] Hiding brls::Box
07:54:04.176 [DEBUG] Showing brls::Box
07:54:04.186 [DEBUG] Giving focus to brls::Button (id="login/login_button"), and removing it from the focus stack
07:54:04.198 [DEBUG] Giving focus to brls::Button (id="login/login_button")
07:54:04.207 [DEBUG] Hiding vita_ma::ProgressDialog
07:54:04.377 [DEBUG] Start delete top activity
07:54:04.386 [DEBUG] Top activity deleted
07:54:04.397 [DEBUG] Removing an inputs block token (tokens=0)
07:54:04.477 [DEBUG] Giving focus to brls::Button (id="login/mode_button")
07:54:05.145 [DEBUG] Giving focus to brls::Label (id="login/password_label")
07:54:05.578 [DEBUG] Giving focus to brls::Button (id="login/mode_button")
07:54:06.312 [DEBUG] Giving focus to brls::Button (id="login/login_button")
07:54:06.708 [DEBUG] Adding an inputs block token (tokens=1)
07:54:06.720 [DEBUG] Pushing brls::Button (id="login/login_button") to the focus stack
07:54:06.728 [DEBUG] Giving focus to brls::Button
07:54:06.737 [DEBUG] Hiding vita_ma::ProgressDialog
07:54:06.746 [DEBUG] push activity to the stack
07:54:06.758 [DEBUG] Showing vita_ma::ProgressDialog
07:54:06.769 [INFO] Login: POST Http://192.168.1.28:8095/auth/login
07:54:06.775 [DEBUG] HTTP POST Http://192.168.1.28:8095/auth/login
07:54:06.846 [DEBUG] Removing an inputs block token (tokens=0)
07:54:06.888 [DEBUG] HTTP response: 200 (1057 bytes)
07:54:06.901 [INFO] Login: got token, connecting WebSocket...
07:54:06.909 [INFO] MA: connecting to ws://Http://192.168.1.28:8095/ws
07:54:06.916 [INFO] WS connecting to Http:0//192.168.1.28:8095/ws (ssl=false)
07:54:06.943 [ERROR] WS: DNS resolve failed for Http
07:54:06.955 [ERROR] Login: WebSocket connection failed
07:54:08.998 [DEBUG] Adding an inputs block token (tokens=1)
07:54:09.006 [DEBUG] Hiding brls::Box
07:54:09.015 [DEBUG] Showing brls::Box
07:54:09.027 [DEBUG] Giving focus to brls::Button (id="login/login_button"), and removing it from the focus stack
07:54:09.037 [DEBUG] Giving focus to brls::Button (id="login/login_button")
07:54:09.044 [DEBUG] Hiding vita_ma::ProgressDialog
07:54:09.215 [DEBUG] Start delete top activity
07:54:09.227 [DEBUG] Top activity deleted
07:54:09.236 [DEBUG] Removing an inputs block token (tokens=0)
07:54:09.377 [DEBUG] Adding an inputs block token (tokens=1)
07:54:09.387 [DEBUG] Pushing brls::Button (id="login/login_button") to the focus stack
07:54:09.402 [DEBUG] Giving focus to brls::Button
07:54:09.409 [DEBUG] Hiding vita_ma::ProgressDialog
07:54:09.416 [DEBUG] push activity to the stack
07:54:09.425 [DEBUG] Showing vita_ma::ProgressDialog
07:54:09.439 [INFO] Login: POST Http://192.168.1.28:8095/auth/login
07:54:09.447 [DEBUG] HTTP POST Http://192.168.1.28:8095/auth/login
07:54:09.515 [DEBUG] Removing an inputs block token (tokens=0)
07:54:09.557 [DEBUG] HTTP response: 200 (1057 bytes)
07:54:09.570 [INFO] Login: got token, connecting WebSocket...
07:54:09.578 [INFO] MA: connecting to ws://Http://192.168.1.28:8095/ws
07:54:09.585 [INFO] WS connecting to Http:0//192.168.1.28:8095/ws (ssl=false)
07:54:09.635 [ERROR] WS: DNS resolve failed for Http
07:54:09.647 [ERROR] Login: WebSocket connection failed
07:54:09.799 [DEBUG] Adding an inputs block token (tokens=1)
07:54:09.807 [DEBUG] Hiding brls::Box
07:54:09.816 [DEBUG] Showing brls::Box
07:54:09.829 [DEBUG] Giving focus to brls::Button (id="login/login_button"), and removing it from the focus stack
07:54:09.838 [DEBUG] Giving focus to brls::Button (id="login/login_button")
07:54:09.845 [DEBUG] Hiding vita_ma::ProgressDialog
07:54:10.016 [DEBUG] Start delete top activity
07:54:10.028 [DEBUG] Top activity deleted
07:54:10.037 [DEBUG] Removing an inputs block token (tokens=0)
07:54:10.295 [DEBUG] Adding an inputs block token (tokens=1)
07:54:10.304 [DEBUG] Pushing brls::Button (id="login/login_button") to the focus stack
07:54:10.320 [DEBUG] Giving focus to brls::Button
07:54:10.326 [DEBUG] Hiding vita_ma::ProgressDialog
07:54:10.334 [DEBUG] push activity to the stack
07:54:10.343 [DEBUG] Showing vita_ma::ProgressDialog
07:54:10.357 [INFO] Login: POST Http://192.168.1.28:8095/auth/login
07:54:10.365 [DEBUG] HTTP POST Http://192.168.1.28:8095/auth/login
07:54:10.433 [DEBUG] Removing an inputs block token (tokens=0)
07:54:10.444 [DEBUG] HTTP response: 200 (1057 bytes)
07:54:10.457 [INFO] Login: got token, connecting WebSocket...
07:54:10.465 [INFO] MA: connecting to ws://Http://192.168.1.28:8095/ws
07:54:10.473 [INFO] WS connecting to Http:0//192.168.1.28:8095/ws (ssl=false)
07:54:10.491 [ERROR] WS: DNS resolve failed for Http
07:54:10.503 [ERROR] Login: WebSocket connection failed
07:54:11.134 [DEBUG] Adding an inputs block token (tokens=1)
07:54:11.141 [DEBUG] Hiding brls::Box
07:54:11.151 [DEBUG] Showing brls::Box
07:54:11.163 [DEBUG] Giving focus to brls::Button (id="login/login_button"), and removing it from the focus stack
07:54:11.173 [DEBUG] Giving focus to brls::Button (id="login/login_button")
07:54:11.180 [DEBUG] Hiding vita_ma::ProgressDialog
07:54:11.351 [DEBUG] Start delete top activity
07:54:11.363 [DEBUG] Top activity deleted
07:54:11.371 [DEBUG] Removing an inputs block token (tokens=0)
07:54:11.484 [DEBUG] Giving focus to brls::Label (id="login/password_label")
07:54:11.718 [DEBUG] Giving focus to brls::Label (id="login/username_label")
07:54:12.152 [DEBUG] Giving focus to brls::Label (id="login/password_label")
07:54:12.602 [DEBUG] Giving focus to brls::Label (id="login/username_label")
07:54:12.819 [DEBUG] Giving focus to brls::Label (id="login/server_label")
07:54:12.988 [DEBUG] Adding an inputs block token (tokens=1)
07:54:13.001 [DEBUG] Adding an inputs block token (tokens=2)
07:54:13.010 [DEBUG] Pushing brls::Label (id="login/server_label") to the focus stack
07:54:13.020 [DEBUG] Giving focus to brls::PsvImeView
07:54:13.032 [DEBUG] push activity to the stack
07:54:13.040 [DEBUG] Removing an inputs block token (tokens=1)
07:54:20.047 [DEBUG] Adding an inputs block token (tokens=2)
07:54:20.058 [DEBUG] Hiding brls::Box
07:54:20.070 [DEBUG] Showing brls::Box
07:54:20.079 [DEBUG] Giving focus to brls::Label (id="login/server_label"), and removing it from the focus stack
07:54:20.089 [DEBUG] Giving focus to brls::Label (id="login/server_label")
07:54:20.101 [DEBUG] Hiding brls::PsvImeView
07:54:20.115 [DEBUG] Start delete top activity
07:54:20.123 [DEBUG] Top activity deleted
07:54:20.134 [DEBUG] Removing an inputs block token (tokens=1)
07:54:20.147 [DEBUG] Removing an inputs block token (tokens=0)
07:54:20.154 [DEBUG] Giving focus to brls::Label (id="login/username_label")
07:54:20.863 [DEBUG] Adding an inputs block token (tokens=1)
07:54:20.876 [DEBUG] Adding an inputs block token (tokens=2)
07:54:20.884 [DEBUG] Pushing brls::Label (id="login/username_label") to the focus stack
07:54:20.895 [DEBUG] Giving focus to brls::PsvImeView
07:54:20.906 [DEBUG] push activity to the stack
07:54:20.917 [DEBUG] Removing an inputs block token (tokens=1)
07:54:26.253 [DEBUG] Adding an inputs block token (tokens=2)
07:54:26.263 [DEBUG] Hiding brls::Box
07:54:26.276 [DEBUG] Showing brls::Box
07:54:26.285 [DEBUG] Giving focus to brls::Label (id="login/username_label"), and removing it from the focus stack
07:54:26.295 [DEBUG] Giving focus to brls::Label (id="login/username_label")
07:54:26.307 [DEBUG] Hiding brls::PsvImeView
07:54:26.320 [DEBUG] Start delete top activity
07:54:26.327 [DEBUG] Top activity deleted
07:54:26.337 [DEBUG] Removing an inputs block token (tokens=1)
07:54:26.349 [DEBUG] Removing an inputs block token (tokens=0)
07:54:26.499 [DEBUG] Giving focus to brls::Label (id="login/password_label")
07:54:26.785 [DEBUG] Adding an inputs block token (tokens=1)
07:54:26.798 [DEBUG] Adding an inputs block token (tokens=2)
07:54:26.807 [DEBUG] Pushing brls::Label (id="login/password_label") to the focus stack
07:54:26.816 [DEBUG] Giving focus to brls::PsvImeView
07:54:26.827 [DEBUG] push activity to the stack
07:54:26.840 [DEBUG] Removing an inputs block token (tokens=1)
07:54:33.511 [DEBUG] Adding an inputs block token (tokens=2)
07:54:33.520 [DEBUG] Hiding brls::Box
07:54:33.533 [DEBUG] Showing brls::Box
07:54:33.542 [DEBUG] Giving focus to brls::Label (id="login/password_label"), and removing it from the focus stack
07:54:33.552 [DEBUG] Giving focus to brls::Label (id="login/password_label")
07:54:33.564 [DEBUG] Hiding brls::PsvImeView
07:54:33.579 [DEBUG] Start delete top activity
07:54:33.585 [DEBUG] Top activity deleted
07:54:33.595 [DEBUG] Removing an inputs block token (tokens=1)
07:54:33.607 [DEBUG] Removing an inputs block token (tokens=0)
07:54:33.690 [DEBUG] Giving focus to brls::Button (id="login/login_button")
07:54:34.135 [DEBUG] Adding an inputs block token (tokens=1)
07:54:34.147 [DEBUG] Pushing brls::Button (id="login/login_button") to the focus stack
07:54:34.158 [DEBUG] Giving focus to brls::Button
07:54:34.166 [DEBUG] Hiding vita_ma::ProgressDialog
07:54:34.176 [DEBUG] push activity to the stack
07:54:34.188 [DEBUG] Showing vita_ma::ProgressDialog
07:54:34.199 [INFO] Login: POST http://192.168.1.28:8095/auth/login
07:54:34.208 [DEBUG] HTTP POST http://192.168.1.28:8095/auth/login
07:54:34.273 [DEBUG] Removing an inputs block token (tokens=0)
07:54:34.847 [DEBUG] HTTP response: 200 (1057 bytes)
07:54:34.857 [INFO] Login: got token, connecting WebSocket...
07:54:34.868 [INFO] MA: connecting to ws://192.168.1.28:8095/ws
07:54:34.881 [INFO] WS connecting to 192.168.1.28:8095/ws (ssl=false)
07:54:34.923 [INFO] WS connected successfully
07:54:34.934 [INFO] Login: WebSocket connected and authenticated
07:54:34.941 [INFO] MA: server  v2.7.11 (schema 28)
07:54:34.946 [INFO] saveSettings: Saving to ux0:data/VitaMA/settings.json
07:54:34.965 [DEBUG] saveSettings: authToken=(set), serverUrl=http://192.168.1.28:8095, username=nick
07:54:34.975 [INFO] MA: authenticated successfully
07:54:34.999 [INFO] Settings saved successfully (498 bytes)
07:54:35.541 [DEBUG] Adding an inputs block token (tokens=1)
07:54:35.552 [DEBUG] Hiding brls::Box
07:54:35.560 [DEBUG] Showing brls::Box
07:54:35.571 [DEBUG] Giving focus to brls::Button (id="login/login_button"), and removing it from the focus stack
07:54:35.582 [DEBUG] Giving focus to brls::Button (id="login/login_button")
07:54:35.590 [DEBUG] Hiding vita_ma::ProgressDialog
07:54:35.600 [DEBUG] MainActivity created
07:54:35.611 [DEBUG] Adding an inputs block token (tokens=2)
07:54:35.619 [DEBUG] Pushing brls::Button (id="login/login_button") to the focus stack
07:54:35.659 [DEBUG] MainActivity content available
07:54:35.674 [DEBUG] MainActivity: Dynamic sidebar width: 200px
07:54:35.822 [DEBUG] HomeTab: Loading content...
07:54:35.833 [DEBUG] HomeTab::loadContent - Starting async load
07:54:35.844 [DEBUG] HomeTab: Async content loading started
07:54:35.863 [DEBUG] Giving focus to brls::SidebarItem
07:54:35.875 [DEBUG] Hiding brls::Box
07:54:35.885 [DEBUG] push activity to the stack
07:54:35.893 [DEBUG] Showing brls::Box
07:54:35.920 [INFO] HomeTab: Got 0 recently played music items
07:54:35.930 [DEBUG] Start delete top activity
07:54:35.938 [DEBUG] Top activity deleted
07:54:35.949 [DEBUG] Removing an inputs block token (tokens=1)
07:54:35.960 [DEBUG] Removing an inputs block token (tokens=0)
07:54:39.472 [DEBUG] LibraryTab: Initializing with Albums category
07:54:39.490 [DEBUG] LibraryTab::loadCategoryContent - Albums
07:54:39.519 [DEBUG] Giving focus to brls::SidebarItem
07:54:39.562 [INFO] LibraryTab: Got 3 Albums items
07:54:40.697 [DEBUG] Giving focus to brls::Button
07:54:41.247 [DEBUG] LibraryTab::loadCategoryContent - Artists
07:54:41.314 [INFO] LibraryTab: Got 0 Artists items
07:54:41.665 [DEBUG] Giving focus to brls::Button
07:54:41.915 [DEBUG] Giving focus to brls::Button
07:54:42.128 [DEBUG] LibraryTab::loadCategoryContent - Tracks
07:54:42.170 [INFO] LibraryTab: Got 3 Tracks items
07:54:42.499 [DEBUG] Giving focus to brls::Button
07:54:42.799 [DEBUG] LibraryTab::loadCategoryContent - Playlists
07:54:42.891 [INFO] LibraryTab: Got 18 Playlists items
07:54:44.976 [DEBUG] Giving focus to brls::Button
07:54:45.640 [DEBUG] LibraryTab::loadCategoryContent - Tracks
07:54:45.686 [INFO] LibraryTab: Got 3 Tracks items
07:54:46.369 [DEBUG] Giving focus to brls::Button
07:54:47.070 [DEBUG] Giving focus to brls::Button
07:54:47.387 [DEBUG] Giving focus to brls::Button
07:54:47.732 [DEBUG] Giving focus to vita_ma::MediaItemCell
07:54:48.004 [DEBUG] LibraryTab: Playing track: 2 Bad
07:54:48.015 [DEBUG] PlayerActivity created for media: 1924
07:54:48.026 [DEBUG] Adding an inputs block token (tokens=1)
07:54:48.034 [DEBUG] Pushing vita_ma::MediaItemCell to the focus stack
07:54:48.315 [DEBUG] PlayerActivity content available
07:54:48.374 [WARNING] PlayerActivity: Single-track server playback not yet implemented for key: 1924
07:54:48.382 [DEBUG] PlayerActivity: loadMedia exiting
